<?xml version="1.0" encoding="UTF-8"?>
<!-- Generated by org.testng.reporters.JUnitReportReporter -->
<testsuite hostname="Aniket" failures="0" tests="1" name="basic1.OrganizationTest" time="18.330" errors="0" timestamp="2024-03-22T10:38:56 IST" skipped="0">
  <testcase classname="basic1.OrganizationTest" name="CreateOrganizationTest" time="18.330"/>
  <system-out/>
</testsuite> <!-- basic1.OrganizationTest -->
